<?xml version="1.0" encoding="UTF-8"?>
<testsuite xmlns:xsi="http://www.w3.org/2001/XMLSchema-instance" xsi:noNamespaceSchemaLocation="https://maven.apache.org/surefire/maven-surefire-plugin/xsd/surefire-test-report-3.0.xsd" version="3.0" name="org.uc.dei.mei.framework.ONOSAppMainComponentTest" time="0.012" tests="1" errors="0" skipped="0" failures="0">
  <properties>
    <property name="sun.desktop" value="windows"/>
    <property name="awt.toolkit" value="sun.awt.windows.WToolkit"/>
    <property name="java.specification.version" value="11"/>
    <property name="sun.cpu.isalist" value="amd64"/>
    <property name="sun.jnu.encoding" value="Cp1252"/>
    <property name="java.class.path" value="C:\Users\rafae\OneDrive\Documents\GitHub\Network_Coding-Aware_Slicing\onos-application\ONOS-App\target\test-classes;C:\Users\rafae\OneDrive\Documents\GitHub\Network_Coding-Aware_Slicing\onos-application\ONOS-App\target\classes;C:\Users\rafae\.m2\repository\org\onosproject\onos-api\2.2.1\onos-api-2.2.1.jar;C:\Users\rafae\.m2\repository\commons-configuration\commons-configuration\1.10\commons-configuration-1.10.jar;C:\Users\rafae\.m2\repository\commons-logging\commons-logging\1.2\commons-logging-1.2.jar;C:\Users\rafae\.m2\repository\commons-collections\commons-collections\3.2.2\commons-collections-3.2.2.jar;C:\Users\rafae\.m2\repository\commons-lang\commons-lang\2.6\commons-lang-2.6.jar;C:\Users\rafae\.m2\repository\org\apache\commons\commons-lang3\3.7\commons-lang3-3.7.jar;C:\Users\rafae\.m2\repository\commons-io\commons-io\2.6\commons-io-2.6.jar;C:\Users\rafae\.m2\repository\commons-pool\commons-pool\1.6\commons-pool-1.6.jar;C:\Users\rafae\.m2\repository\org\apache\karaf\features\org.apache.karaf.features.core\4.2.8\org.apache.karaf.features.core-4.2.8.jar;C:\Users\rafae\.m2\repository\org\ops4j\pax\url\pax-url-aether\2.6.2\pax-url-aether-2.6.2.jar;C:\Users\rafae\.m2\repository\org\slf4j\jcl-over-slf4j\1.6.6\jcl-over-slf4j-1.6.6.jar;C:\Users\rafae\.m2\repository\org\ops4j\base\ops4j-base-util-property\1.5.1\ops4j-base-util-property-1.5.1.jar;C:\Users\rafae\.m2\repository\org\ops4j\base\ops4j-base-util-collections\1.5.1\ops4j-base-util-collections-1.5.1.jar;C:\Users\rafae\.m2\repository\org\ops4j\base\ops4j-base-lang\1.5.1\ops4j-base-lang-1.5.1.jar;C:\Users\rafae\.m2\repository\org\ops4j\pax\swissbox\pax-swissbox-property\1.8.3\pax-swissbox-property-1.8.3.jar;C:\Users\rafae\.m2\repository\jakarta\xml\bind\jakarta.xml.bind-api\2.3.2\jakarta.xml.bind-api-2.3.2.jar;C:\Users\rafae\.m2\repository\jakarta\activation\jakarta.activation-api\1.2.1\jakarta.activation-api-1.2.1.jar;C:\Users\rafae\.m2\repository\org\glassfish\jaxb\jaxb-runtime\2.3.2\jaxb-runtime-2.3.2.jar;C:\Users\rafae\.m2\repository\org\glassfish\jaxb\txw2\2.3.2\txw2-2.3.2.jar;C:\Users\rafae\.m2\repository\com\sun\istack\istack-commons-runtime\3.0.8\istack-commons-runtime-3.0.8.jar;C:\Users\rafae\.m2\repository\org\jvnet\staxex\stax-ex\1.8.1\stax-ex-1.8.1.jar;C:\Users\rafae\.m2\repository\com\sun\xml\fastinfoset\FastInfoset\1.2.16\FastInfoset-1.2.16.jar;C:\Users\rafae\.m2\repository\javax\activation\activation\1.1.1\activation-1.1.1.jar;C:\Users\rafae\.m2\repository\org\apache\karaf\system\org.apache.karaf.system.core\4.2.8\org.apache.karaf.system.core-4.2.8.jar;C:\Users\rafae\.m2\repository\org\apache\karaf\org.apache.karaf.util\4.2.8\org.apache.karaf.util-4.2.8.jar;C:\Users\rafae\.m2\repository\org\apache\felix\org.apache.felix.utils\1.11.2\org.apache.felix.utils-1.11.2.jar;C:\Users\rafae\.m2\repository\org\apache\servicemix\bundles\org.apache.servicemix.bundles.dom4j\1.6.1_5\org.apache.servicemix.bundles.dom4j-1.6.1_5.jar;C:\Users\rafae\.m2\repository\xml-apis\xml-apis\1.0.b2\xml-apis-1.0.b2.jar;C:\Users\rafae\.m2\repository\com\google\code\findbugs\jsr305\3.0.2\jsr305-3.0.2.jar;C:\Users\rafae\.m2\repository\io\netty\netty-buffer\4.1.35.Final\netty-buffer-4.1.35.Final.jar;C:\Users\rafae\.m2\repository\io\netty\netty-common\4.1.35.Final\netty-common-4.1.35.Final.jar;C:\Users\rafae\.m2\repository\com\fasterxml\jackson\core\jackson-annotations\2.10.2\jackson-annotations-2.10.2.jar;C:\Users\rafae\.m2\repository\com\fasterxml\jackson\core\jackson-core\2.10.2\jackson-core-2.10.2.jar;C:\Users\rafae\.m2\repository\com\fasterxml\jackson\core\jackson-databind\2.10.2\jackson-databind-2.10.2.jar;C:\Users\rafae\.m2\repository\io\dropwizard\metrics\metrics-core\3.2.2\metrics-core-3.2.2.jar;C:\Users\rafae\.m2\repository\io\dropwizard\metrics\metrics-json\3.2.2\metrics-json-3.2.2.jar;C:\Users\rafae\.m2\repository\com\esotericsoftware\kryo\4.0.1\kryo-4.0.1.jar;C:\Users\rafae\.m2\repository\com\esotericsoftware\reflectasm\1.11.7\reflectasm-1.11.7.jar;C:\Users\rafae\.m2\repository\org\ow2\asm\asm\5.2\asm-5.2.jar;C:\Users\rafae\.m2\repository\com\esotericsoftware\minlog\1.3.0\minlog-1.3.0.jar;C:\Users\rafae\.m2\repository\org\objenesis\objenesis\2.6\objenesis-2.6.jar;C:\Users\rafae\.m2\repository\org\onosproject\onlab-rest\2.2.1\onlab-rest-2.2.1.jar;C:\Users\rafae\.m2\repository\javax\ws\rs\javax.ws.rs-api\2.1\javax.ws.rs-api-2.1.jar;C:\Users\rafae\.m2\repository\org\glassfish\jersey\core\jersey-server\2.27\jersey-server-2.27.jar;C:\Users\rafae\.m2\repository\org\glassfish\jersey\core\jersey-common\2.27\jersey-common-2.27.jar;C:\Users\rafae\.m2\repository\org\glassfish\hk2\osgi-resource-locator\1.0.1\osgi-resource-locator-1.0.1.jar;C:\Users\rafae\.m2\repository\org\glassfish\jersey\core\jersey-client\2.27\jersey-client-2.27.jar;C:\Users\rafae\.m2\repository\org\glassfish\jersey\media\jersey-media-jaxb\2.27\jersey-media-jaxb-2.27.jar;C:\Users\rafae\.m2\repository\javax\annotation\javax.annotation-api\1.2\javax.annotation-api-1.2.jar;C:\Users\rafae\.m2\repository\org\glassfish\hk2\external\javax.inject\2.5.0-b42\javax.inject-2.5.0-b42.jar;C:\Users\rafae\.m2\repository\javax\validation\validation-api\1.1.0.Final\validation-api-1.1.0.Final.jar;C:\Users\rafae\.m2\repository\org\glassfish\jersey\inject\jersey-hk2\2.27\jersey-hk2-2.27.jar;C:\Users\rafae\.m2\repository\org\glassfish\hk2\hk2-locator\2.5.0-b42\hk2-locator-2.5.0-b42.jar;C:\Users\rafae\.m2\repository\org\glassfish\hk2\external\aopalliance-repackaged\2.5.0-b42\aopalliance-repackaged-2.5.0-b42.jar;C:\Users\rafae\.m2\repository\org\glassfish\hk2\hk2-api\2.5.0-b42\hk2-api-2.5.0-b42.jar;C:\Users\rafae\.m2\repository\javax\inject\javax.inject\1\javax.inject-1.jar;C:\Users\rafae\.m2\repository\org\glassfish\hk2\hk2-utils\2.5.0-b42\hk2-utils-2.5.0-b42.jar;C:\Users\rafae\.m2\repository\org\javassist\javassist\3.22.0-CR2\javassist-3.22.0-CR2.jar;C:\Users\rafae\.m2\repository\joda-time\joda-time\2.9.3\joda-time-2.9.3.jar;C:\Users\rafae\.m2\repository\io\netty\netty\3.10.5.Final\netty-3.10.5.Final.jar;C:\Users\rafae\.m2\repository\org\onosproject\onlab-osgi\2.2.1\onlab-osgi-2.2.1.jar;C:\Users\rafae\.m2\repository\org\onosproject\onos-cli\2.2.1\onos-cli-2.2.1.jar;C:\Users\rafae\.m2\repository\org\apache\karaf\shell\org.apache.karaf.shell.core\4.2.8\org.apache.karaf.shell.core-4.2.8.jar;C:\Users\rafae\.m2\repository\org\onosproject\onos-core-common\2.2.1\onos-core-common-2.2.1.jar;C:\Users\rafae\.m2\repository\org\onosproject\onlab-misc\2.2.1\onlab-misc-2.2.1.jar;C:\Users\rafae\.m2\repository\org\onosproject\onos-api\2.2.1\onos-api-2.2.1-tests.jar;C:\Users\rafae\.m2\repository\org\apache\karaf\shell\org.apache.karaf.shell.console\4.2.8\org.apache.karaf.shell.console-4.2.8.jar;C:\Users\rafae\.m2\repository\org\jline\jline\3.13.2\jline-3.13.2.jar;C:\Users\rafae\.m2\repository\org\fusesource\jansi\jansi\1.18\jansi-1.18.jar;C:\Users\rafae\.m2\repository\org\apache\karaf\jaas\org.apache.karaf.jaas.modules\4.2.8\org.apache.karaf.jaas.modules-4.2.8.jar;C:\Users\rafae\.m2\repository\org\apache\karaf\jaas\org.apache.karaf.jaas.config\4.2.8\org.apache.karaf.jaas.config-4.2.8.jar;C:\Users\rafae\.m2\repository\org\apache\karaf\jaas\org.apache.karaf.jaas.boot\4.2.8\org.apache.karaf.jaas.boot-4.2.8.jar;C:\Users\rafae\.m2\repository\org\apache\sshd\sshd-core\1.7.0\sshd-core-1.7.0.jar;C:\Users\rafae\.m2\repository\org\jgrapht\jgrapht-core\1.5.1\jgrapht-core-1.5.1.jar;C:\Users\rafae\.m2\repository\org\jheaps\jheaps\0.13\jheaps-0.13.jar;C:\Users\rafae\.m2\repository\com\google\guava\guava\22.0\guava-22.0.jar;C:\Users\rafae\.m2\repository\com\google\errorprone\error_prone_annotations\2.0.18\error_prone_annotations-2.0.18.jar;C:\Users\rafae\.m2\repository\com\google\j2objc\j2objc-annotations\1.1\j2objc-annotations-1.1.jar;C:\Users\rafae\.m2\repository\org\codehaus\mojo\animal-sniffer-annotations\1.14\animal-sniffer-annotations-1.14.jar;C:\Users\rafae\.m2\repository\org\osgi\org.osgi.core\6.0.0\org.osgi.core-6.0.0.jar;C:\Users\rafae\.m2\repository\org\osgi\org.osgi.service.component.annotations\1.4.0\org.osgi.service.component.annotations-1.4.0.jar;C:\Users\rafae\.m2\repository\org\osgi\org.osgi.service.component\1.4.0\org.osgi.service.component-1.4.0.jar;C:\Users\rafae\.m2\repository\org\osgi\org.osgi.service.metatype.annotations\1.4.0\org.osgi.service.metatype.annotations-1.4.0.jar;C:\Users\rafae\.m2\repository\org\osgi\org.osgi.util.promise\1.1.1\org.osgi.util.promise-1.1.1.jar;C:\Users\rafae\.m2\repository\org\osgi\osgi.cmpn\6.0.0\osgi.cmpn-6.0.0.jar;C:\Users\rafae\.m2\repository\org\slf4j\slf4j-api\1.7.25\slf4j-api-1.7.25.jar;C:\Users\rafae\.m2\repository\com\google\guava\guava-testlib\22.0\guava-testlib-22.0.jar;C:\Users\rafae\.m2\repository\com\spotify\hamcrest-optional\1.1.0\hamcrest-optional-1.1.0.jar;C:\Users\rafae\.m2\repository\org\hamcrest\hamcrest-junit\2.0.0.0\hamcrest-junit-2.0.0.0.jar;C:\Users\rafae\.m2\repository\org\hamcrest\java-hamcrest\2.0.0.0\java-hamcrest-2.0.0.0.jar;C:\Users\rafae\.m2\repository\junit\junit\4.12\junit-4.12.jar;C:\Users\rafae\.m2\repository\org\hamcrest\hamcrest-core\1.3\hamcrest-core-1.3.jar;C:\Users\rafae\.m2\repository\org\easymock\easymock\4.0.2\easymock-4.0.2.jar;C:\Users\rafae\.m2\repository\org\hamcrest\hamcrest-all\1.3\hamcrest-all-1.3.jar;"/>
    <property name="java.vm.vendor" value="Eclipse Adoptium"/>
    <property name="sun.arch.data.model" value="64"/>
    <property name="user.variant" value=""/>
    <property name="java.vendor.url" value="https://adoptium.net/"/>
    <property name="user.timezone" value="Europe/Lisbon"/>
    <property name="user.country.format" value="PT"/>
    <property name="java.vm.specification.version" value="11"/>
    <property name="os.name" value="Windows 11"/>
    <property name="sun.java.launcher" value="SUN_STANDARD"/>
    <property name="user.country" value="US"/>
    <property name="sun.boot.library.path" value="C:\Program Files\Eclipse Adoptium\jdk-11.0.22.7-hotspot\bin"/>
    <property name="sun.java.command" value="C:\Users\rafae\AppData\Local\Temp\surefire16841337281007622553\surefirebooter2175549189339825833.jar C:\Users\rafae\AppData\Local\Temp\surefire16841337281007622553 2024-07-14T15-20-15_964-jvmRun1 surefire939075551623512882tmp surefire_0479530892289136053tmp"/>
    <property name="jdk.debug" value="release"/>
    <property name="surefire.test.class.path" value="C:\Users\rafae\OneDrive\Documents\GitHub\Network_Coding-Aware_Slicing\onos-application\ONOS-App\target\test-classes;C:\Users\rafae\OneDrive\Documents\GitHub\Network_Coding-Aware_Slicing\onos-application\ONOS-App\target\classes;C:\Users\rafae\.m2\repository\org\onosproject\onos-api\2.2.1\onos-api-2.2.1.jar;C:\Users\rafae\.m2\repository\commons-configuration\commons-configuration\1.10\commons-configuration-1.10.jar;C:\Users\rafae\.m2\repository\commons-logging\commons-logging\1.2\commons-logging-1.2.jar;C:\Users\rafae\.m2\repository\commons-collections\commons-collections\3.2.2\commons-collections-3.2.2.jar;C:\Users\rafae\.m2\repository\commons-lang\commons-lang\2.6\commons-lang-2.6.jar;C:\Users\rafae\.m2\repository\org\apache\commons\commons-lang3\3.7\commons-lang3-3.7.jar;C:\Users\rafae\.m2\repository\commons-io\commons-io\2.6\commons-io-2.6.jar;C:\Users\rafae\.m2\repository\commons-pool\commons-pool\1.6\commons-pool-1.6.jar;C:\Users\rafae\.m2\repository\org\apache\karaf\features\org.apache.karaf.features.core\4.2.8\org.apache.karaf.features.core-4.2.8.jar;C:\Users\rafae\.m2\repository\org\ops4j\pax\url\pax-url-aether\2.6.2\pax-url-aether-2.6.2.jar;C:\Users\rafae\.m2\repository\org\slf4j\jcl-over-slf4j\1.6.6\jcl-over-slf4j-1.6.6.jar;C:\Users\rafae\.m2\repository\org\ops4j\base\ops4j-base-util-property\1.5.1\ops4j-base-util-property-1.5.1.jar;C:\Users\rafae\.m2\repository\org\ops4j\base\ops4j-base-util-collections\1.5.1\ops4j-base-util-collections-1.5.1.jar;C:\Users\rafae\.m2\repository\org\ops4j\base\ops4j-base-lang\1.5.1\ops4j-base-lang-1.5.1.jar;C:\Users\rafae\.m2\repository\org\ops4j\pax\swissbox\pax-swissbox-property\1.8.3\pax-swissbox-property-1.8.3.jar;C:\Users\rafae\.m2\repository\jakarta\xml\bind\jakarta.xml.bind-api\2.3.2\jakarta.xml.bind-api-2.3.2.jar;C:\Users\rafae\.m2\repository\jakarta\activation\jakarta.activation-api\1.2.1\jakarta.activation-api-1.2.1.jar;C:\Users\rafae\.m2\repository\org\glassfish\jaxb\jaxb-runtime\2.3.2\jaxb-runtime-2.3.2.jar;C:\Users\rafae\.m2\repository\org\glassfish\jaxb\txw2\2.3.2\txw2-2.3.2.jar;C:\Users\rafae\.m2\repository\com\sun\istack\istack-commons-runtime\3.0.8\istack-commons-runtime-3.0.8.jar;C:\Users\rafae\.m2\repository\org\jvnet\staxex\stax-ex\1.8.1\stax-ex-1.8.1.jar;C:\Users\rafae\.m2\repository\com\sun\xml\fastinfoset\FastInfoset\1.2.16\FastInfoset-1.2.16.jar;C:\Users\rafae\.m2\repository\javax\activation\activation\1.1.1\activation-1.1.1.jar;C:\Users\rafae\.m2\repository\org\apache\karaf\system\org.apache.karaf.system.core\4.2.8\org.apache.karaf.system.core-4.2.8.jar;C:\Users\rafae\.m2\repository\org\apache\karaf\org.apache.karaf.util\4.2.8\org.apache.karaf.util-4.2.8.jar;C:\Users\rafae\.m2\repository\org\apache\felix\org.apache.felix.utils\1.11.2\org.apache.felix.utils-1.11.2.jar;C:\Users\rafae\.m2\repository\org\apache\servicemix\bundles\org.apache.servicemix.bundles.dom4j\1.6.1_5\org.apache.servicemix.bundles.dom4j-1.6.1_5.jar;C:\Users\rafae\.m2\repository\xml-apis\xml-apis\1.0.b2\xml-apis-1.0.b2.jar;C:\Users\rafae\.m2\repository\com\google\code\findbugs\jsr305\3.0.2\jsr305-3.0.2.jar;C:\Users\rafae\.m2\repository\io\netty\netty-buffer\4.1.35.Final\netty-buffer-4.1.35.Final.jar;C:\Users\rafae\.m2\repository\io\netty\netty-common\4.1.35.Final\netty-common-4.1.35.Final.jar;C:\Users\rafae\.m2\repository\com\fasterxml\jackson\core\jackson-annotations\2.10.2\jackson-annotations-2.10.2.jar;C:\Users\rafae\.m2\repository\com\fasterxml\jackson\core\jackson-core\2.10.2\jackson-core-2.10.2.jar;C:\Users\rafae\.m2\repository\com\fasterxml\jackson\core\jackson-databind\2.10.2\jackson-databind-2.10.2.jar;C:\Users\rafae\.m2\repository\io\dropwizard\metrics\metrics-core\3.2.2\metrics-core-3.2.2.jar;C:\Users\rafae\.m2\repository\io\dropwizard\metrics\metrics-json\3.2.2\metrics-json-3.2.2.jar;C:\Users\rafae\.m2\repository\com\esotericsoftware\kryo\4.0.1\kryo-4.0.1.jar;C:\Users\rafae\.m2\repository\com\esotericsoftware\reflectasm\1.11.7\reflectasm-1.11.7.jar;C:\Users\rafae\.m2\repository\org\ow2\asm\asm\5.2\asm-5.2.jar;C:\Users\rafae\.m2\repository\com\esotericsoftware\minlog\1.3.0\minlog-1.3.0.jar;C:\Users\rafae\.m2\repository\org\objenesis\objenesis\2.6\objenesis-2.6.jar;C:\Users\rafae\.m2\repository\org\onosproject\onlab-rest\2.2.1\onlab-rest-2.2.1.jar;C:\Users\rafae\.m2\repository\javax\ws\rs\javax.ws.rs-api\2.1\javax.ws.rs-api-2.1.jar;C:\Users\rafae\.m2\repository\org\glassfish\jersey\core\jersey-server\2.27\jersey-server-2.27.jar;C:\Users\rafae\.m2\repository\org\glassfish\jersey\core\jersey-common\2.27\jersey-common-2.27.jar;C:\Users\rafae\.m2\repository\org\glassfish\hk2\osgi-resource-locator\1.0.1\osgi-resource-locator-1.0.1.jar;C:\Users\rafae\.m2\repository\org\glassfish\jersey\core\jersey-client\2.27\jersey-client-2.27.jar;C:\Users\rafae\.m2\repository\org\glassfish\jersey\media\jersey-media-jaxb\2.27\jersey-media-jaxb-2.27.jar;C:\Users\rafae\.m2\repository\javax\annotation\javax.annotation-api\1.2\javax.annotation-api-1.2.jar;C:\Users\rafae\.m2\repository\org\glassfish\hk2\external\javax.inject\2.5.0-b42\javax.inject-2.5.0-b42.jar;C:\Users\rafae\.m2\repository\javax\validation\validation-api\1.1.0.Final\validation-api-1.1.0.Final.jar;C:\Users\rafae\.m2\repository\org\glassfish\jersey\inject\jersey-hk2\2.27\jersey-hk2-2.27.jar;C:\Users\rafae\.m2\repository\org\glassfish\hk2\hk2-locator\2.5.0-b42\hk2-locator-2.5.0-b42.jar;C:\Users\rafae\.m2\repository\org\glassfish\hk2\external\aopalliance-repackaged\2.5.0-b42\aopalliance-repackaged-2.5.0-b42.jar;C:\Users\rafae\.m2\repository\org\glassfish\hk2\hk2-api\2.5.0-b42\hk2-api-2.5.0-b42.jar;C:\Users\rafae\.m2\repository\javax\inject\javax.inject\1\javax.inject-1.jar;C:\Users\rafae\.m2\repository\org\glassfish\hk2\hk2-utils\2.5.0-b42\hk2-utils-2.5.0-b42.jar;C:\Users\rafae\.m2\repository\org\javassist\javassist\3.22.0-CR2\javassist-3.22.0-CR2.jar;C:\Users\rafae\.m2\repository\joda-time\joda-time\2.9.3\joda-time-2.9.3.jar;C:\Users\rafae\.m2\repository\io\netty\netty\3.10.5.Final\netty-3.10.5.Final.jar;C:\Users\rafae\.m2\repository\org\onosproject\onlab-osgi\2.2.1\onlab-osgi-2.2.1.jar;C:\Users\rafae\.m2\repository\org\onosproject\onos-cli\2.2.1\onos-cli-2.2.1.jar;C:\Users\rafae\.m2\repository\org\apache\karaf\shell\org.apache.karaf.shell.core\4.2.8\org.apache.karaf.shell.core-4.2.8.jar;C:\Users\rafae\.m2\repository\org\onosproject\onos-core-common\2.2.1\onos-core-common-2.2.1.jar;C:\Users\rafae\.m2\repository\org\onosproject\onlab-misc\2.2.1\onlab-misc-2.2.1.jar;C:\Users\rafae\.m2\repository\org\onosproject\onos-api\2.2.1\onos-api-2.2.1-tests.jar;C:\Users\rafae\.m2\repository\org\apache\karaf\shell\org.apache.karaf.shell.console\4.2.8\org.apache.karaf.shell.console-4.2.8.jar;C:\Users\rafae\.m2\repository\org\jline\jline\3.13.2\jline-3.13.2.jar;C:\Users\rafae\.m2\repository\org\fusesource\jansi\jansi\1.18\jansi-1.18.jar;C:\Users\rafae\.m2\repository\org\apache\karaf\jaas\org.apache.karaf.jaas.modules\4.2.8\org.apache.karaf.jaas.modules-4.2.8.jar;C:\Users\rafae\.m2\repository\org\apache\karaf\jaas\org.apache.karaf.jaas.config\4.2.8\org.apache.karaf.jaas.config-4.2.8.jar;C:\Users\rafae\.m2\repository\org\apache\karaf\jaas\org.apache.karaf.jaas.boot\4.2.8\org.apache.karaf.jaas.boot-4.2.8.jar;C:\Users\rafae\.m2\repository\org\apache\sshd\sshd-core\1.7.0\sshd-core-1.7.0.jar;C:\Users\rafae\.m2\repository\org\jgrapht\jgrapht-core\1.5.1\jgrapht-core-1.5.1.jar;C:\Users\rafae\.m2\repository\org\jheaps\jheaps\0.13\jheaps-0.13.jar;C:\Users\rafae\.m2\repository\com\google\guava\guava\22.0\guava-22.0.jar;C:\Users\rafae\.m2\repository\com\google\errorprone\error_prone_annotations\2.0.18\error_prone_annotations-2.0.18.jar;C:\Users\rafae\.m2\repository\com\google\j2objc\j2objc-annotations\1.1\j2objc-annotations-1.1.jar;C:\Users\rafae\.m2\repository\org\codehaus\mojo\animal-sniffer-annotations\1.14\animal-sniffer-annotations-1.14.jar;C:\Users\rafae\.m2\repository\org\osgi\org.osgi.core\6.0.0\org.osgi.core-6.0.0.jar;C:\Users\rafae\.m2\repository\org\osgi\org.osgi.service.component.annotations\1.4.0\org.osgi.service.component.annotations-1.4.0.jar;C:\Users\rafae\.m2\repository\org\osgi\org.osgi.service.component\1.4.0\org.osgi.service.component-1.4.0.jar;C:\Users\rafae\.m2\repository\org\osgi\org.osgi.service.metatype.annotations\1.4.0\org.osgi.service.metatype.annotations-1.4.0.jar;C:\Users\rafae\.m2\repository\org\osgi\org.osgi.util.promise\1.1.1\org.osgi.util.promise-1.1.1.jar;C:\Users\rafae\.m2\repository\org\osgi\osgi.cmpn\6.0.0\osgi.cmpn-6.0.0.jar;C:\Users\rafae\.m2\repository\org\slf4j\slf4j-api\1.7.25\slf4j-api-1.7.25.jar;C:\Users\rafae\.m2\repository\com\google\guava\guava-testlib\22.0\guava-testlib-22.0.jar;C:\Users\rafae\.m2\repository\com\spotify\hamcrest-optional\1.1.0\hamcrest-optional-1.1.0.jar;C:\Users\rafae\.m2\repository\org\hamcrest\hamcrest-junit\2.0.0.0\hamcrest-junit-2.0.0.0.jar;C:\Users\rafae\.m2\repository\org\hamcrest\java-hamcrest\2.0.0.0\java-hamcrest-2.0.0.0.jar;C:\Users\rafae\.m2\repository\junit\junit\4.12\junit-4.12.jar;C:\Users\rafae\.m2\repository\org\hamcrest\hamcrest-core\1.3\hamcrest-core-1.3.jar;C:\Users\rafae\.m2\repository\org\easymock\easymock\4.0.2\easymock-4.0.2.jar;C:\Users\rafae\.m2\repository\org\hamcrest\hamcrest-all\1.3\hamcrest-all-1.3.jar;"/>
    <property name="sun.cpu.endian" value="little"/>
    <property name="user.home" value="C:\Users\rafae"/>
    <property name="user.language" value="en"/>
    <property name="java.specification.vendor" value="Oracle Corporation"/>
    <property name="java.version.date" value="2024-01-16"/>
    <property name="java.home" value="C:\Program Files\Eclipse Adoptium\jdk-11.0.22.7-hotspot"/>
    <property name="file.separator" value="\"/>
    <property name="basedir" value="C:\Users\rafae\OneDrive\Documents\GitHub\Network_Coding-Aware_Slicing\onos-application\ONOS-App"/>
    <property name="java.vm.compressedOopsMode" value="Zero based"/>
    <property name="line.separator" value="&#10;"/>
    <property name="java.specification.name" value="Java Platform API Specification"/>
    <property name="java.vm.specification.vendor" value="Oracle Corporation"/>
    <property name="java.awt.graphicsenv" value="sun.awt.Win32GraphicsEnvironment"/>
    <property name="surefire.real.class.path" value="C:\Users\rafae\AppData\Local\Temp\surefire16841337281007622553\surefirebooter2175549189339825833.jar"/>
    <property name="user.script" value=""/>
    <property name="sun.management.compiler" value="HotSpot 64-Bit Tiered Compilers"/>
    <property name="java.runtime.version" value="11.0.22+7"/>
    <property name="user.name" value="rafae"/>
    <property name="path.separator" value=";"/>
    <property name="os.version" value="10.0"/>
    <property name="java.runtime.name" value="OpenJDK Runtime Environment"/>
    <property name="file.encoding" value="Cp1252"/>
    <property name="java.vm.name" value="OpenJDK 64-Bit Server VM"/>
    <property name="java.vendor.version" value="Temurin-11.0.22+7"/>
    <property name="localRepository" value="C:\Users\rafae\.m2\repository"/>
    <property name="java.vendor.url.bug" value="https://github.com/adoptium/adoptium-support/issues"/>
    <property name="java.io.tmpdir" value="C:\Users\rafae\AppData\Local\Temp\"/>
    <property name="java.version" value="11.0.22"/>
    <property name="user.dir" value="C:\Users\rafae\OneDrive\Documents\GitHub\Network_Coding-Aware_Slicing\onos-application\ONOS-App"/>
    <property name="os.arch" value="amd64"/>
    <property name="java.vm.specification.name" value="Java Virtual Machine Specification"/>
    <property name="java.awt.printerjob" value="sun.awt.windows.WPrinterJob"/>
    <property name="user.language.format" value="pt"/>
    <property name="sun.os.patch.level" value=""/>
    <property name="java.library.path" value="C:\Program Files\Eclipse Adoptium\jdk-11.0.22.7-hotspot\bin;C:\Windows\Sun\Java\bin;C:\Windows\system32;C:\Windows;C:\Program Files\WindowsApps\Microsoft.PowerShell_7.4.2.0_x64__8wekyb3d8bbwe;C:\Program Files (x86)\VMware\VMware Workstation\bin\;C:\Program Files\Eclipse Adoptium\jdk-11.0.22.7-hotspot\bin;C:\Program Files\Eclipse Adoptium\jdk-21.0.2.13-hotspot\bin;C:\Program Files\Common Files\Oracle\Java\javapath;C:\Program Files (x86)\Razer Chroma SDK\bin;C:\Program Files\Razer Chroma SDK\bin;C:\Program Files (x86)\Razer\ChromaBroadcast\bin;C:\Program Files\Razer\ChromaBroadcast\bin;C:\Windows\system32;C:\Windows;C:\Windows\System32\Wbem;C:\Windows\System32\WindowsPowerShell\v1.0\;C:\Windows\System32\OpenSSH\;C:\Program Files (x86)\NVIDIA Corporation\PhysX\Common;C:\Program Files\NVIDIA Corporation\NVIDIA NvDLISR;C:\Windows\system32\config\systemprofile\AppData\Local\Microsoft\WindowsApps;C:\Users\rafae\AppData\Local\Microsoft\WindowsApps;C:\Users\rafae\AppData\Local\Programs\Microsoft VS Code\bin;C:\Users\rafae\AppData\Local\Programs\oh-my-posh\bin;C:\Users\rafae\AppData\Local\GitHubDesktop\bin;C:\Program Files\Amazon\AWSCLIV2\;C:\Program Files\FirefoxPWA\;C:\Program Files\nodejs\;C:\ProgramData\chocolatey\bin;C:\Program Files\apache-maven-3.9.6\bin;C:\Program Files\PuTTY\;C:\Program Files\dotnet\;C:\Users\rafae\AppData\Local\Programs\Python\Python312\Scripts\;C:\Users\rafae\AppData\Local\Programs\Python\Python312\;C:\Program Files\PostgreSQL\15\bin;C:\Users\rafae\AppData\Roaming\npm;C:\texlive\2024\bin\windows;C:\Users\rafae\AppData\Local\Android\Sdk\platform-tools;."/>
    <property name="java.vm.info" value="mixed mode"/>
    <property name="java.vendor" value="Eclipse Adoptium"/>
    <property name="java.vm.version" value="11.0.22+7"/>
    <property name="java.specification.maintenance.version" value="2"/>
    <property name="sun.io.unicode.encoding" value="UnicodeLittle"/>
    <property name="java.class.version" value="55.0"/>
  </properties>
  <testcase name="basics" classname="org.uc.dei.mei.framework.ONOSAppMainComponentTest" time="0.008"/>
</testsuite>